<?xml version="1.0" encoding="UTF-8"?>
<!-- Generated by org.testng.reporters.JUnitReportReporter -->
<testsuite hostname="LAPTOP-1I2596E2" name="may13.Demo3" tests="1" failures="0" timestamp="13 May 2020 03:03:32 GMT" time="13.733" errors="0">
  <testcase name="verifyTitle" time="13.733" classname="may13.Demo3"/>
</testsuite> <!-- may13.Demo3 -->
