<?xml version="1.0" encoding="UTF-8"?>
<!-- Generated by org.testng.reporters.JUnitReportReporter -->
<testsuite hostname="LAPTOP-1I2596E2" name="may13.Demo" tests="3" failures="0" timestamp="13 May 2020 02:40:54 GMT" time="38.895" errors="0">
  <testcase name="login" time="15.011" classname="may13.Demo"/>
  <testcase name="login" time="11.691" classname="may13.Demo"/>
  <testcase name="login" time="12.193" classname="may13.Demo"/>
</testsuite> <!-- may13.Demo -->
