<?xml version="1.0" encoding="UTF-8"?>
<!-- Generated by org.testng.reporters.JUnitReportReporter -->
<testsuite hostname="LAPTOP-1I2596E2" name="may20.OrangeHRM" tests="1" failures="0" timestamp="20 May 2020 03:07:46 GMT" time="66.316" errors="0">
  <testcase name="verifyLogin" time="66.316" classname="may20.OrangeHRM"/>
</testsuite> <!-- may20.OrangeHRM -->
