<?xml version="1.0" encoding="UTF-8"?>
<!-- Generated by org.testng.reporters.JUnitReportReporter -->
<testsuite hostname="LAPTOP-1I2596E2" name="may13.Demo1" tests="1" failures="0" timestamp="13 May 2020 03:00:05 GMT" time="13.773" errors="0">
  <testcase name="verifyTitle" time="13.773" classname="may13.Demo1"/>
</testsuite> <!-- may13.Demo1 -->
