<?xml version="1.0" encoding="UTF-8"?>
<!-- Generated by org.testng.reporters.JUnitReportReporter -->
<testsuite hostname="LAPTOP-1I2596E2" name="may11.Demo" tests="3" failures="0" timestamp="11 May 2020 02:52:52 GMT" time="0.005" errors="0">
  <testcase name="login" time="0.000" classname="may11.Demo"/>
  <testcase name="compose" time="0.004" classname="may11.Demo"/>
  <testcase name="reply" time="0.001" classname="may11.Demo"/>
</testsuite> <!-- may11.Demo -->
