<?xml version="1.0" encoding="UTF-8"?>
<!-- Generated by org.testng.reporters.JUnitReportReporter -->
<testsuite hostname="LAPTOP-1I2596E2" name="may11.Demo2" tests="2" failures="0" timestamp="12 May 2020 03:22:10 GMT" time="7.835" errors="0">
  <testcase name="cruises" time="6.027" classname="may11.Demo2"/>
  <testcase name="register" time="1.808" classname="may11.Demo2"/>
</testsuite> <!-- may11.Demo2 -->
