<?xml version="1.0" encoding="UTF-8"?>
<!-- Generated by org.testng.reporters.JUnitReportReporter -->
<testsuite hostname="LAPTOP-1I2596E2" name="may11.Demo1" tests="3" failures="0" timestamp="12 May 2020 03:22:10 GMT" time="79.757" errors="0">
  <testcase name="braches" time="27.457" classname="may11.Demo1"/>
  <testcase name="roles" time="26.067" classname="may11.Demo1"/>
  <testcase name="users" time="26.233" classname="may11.Demo1"/>
</testsuite> <!-- may11.Demo1 -->
